Using pre-set license
Built from '2020.3/release' branch; Version is '2020.3.2f1 (8fd9074bf66c) revision 9427207'; Using compiler version '192528614'; Build Type 'Release'
OS: 'Windows 10 Pro; OS build 18362.418; Version 1903; 64bit' Language: 'ca' Physical Memory: 12171 MB
BatchMode: 1, IsHumanControllingUs: 0, StartBugReporterOnCrash: 0, Is64bit: 1, IsPro: 0

 COMMAND LINE ARGUMENTS:
C:\Program Files\Unity\Hub\Editor\2020.3.2f1\Editor\Unity.exe
-adb2
-batchMode
-noUpm
-name
AssetImportWorker0
-projectPath
E:/PROGRAMACION/UNITY/Proyectos/Cursos y pruebas/Multijugador
-logFile
Logs/AssetImportWorker0.log
-srvPort
63545
Successfully changed project path to: E:/PROGRAMACION/UNITY/Proyectos/Cursos y pruebas/Multijugador
E:/PROGRAMACION/UNITY/Proyectos/Cursos y pruebas/Multijugador
Using Asset Import Pipeline V2.
Refreshing native plugins compatible for Editor in 93.23 ms, found 0 plugins.
Preloading 0 native plugins for Editor in 0.00 ms.
Initialize engine version: 2020.3.2f1 (8fd9074bf66c)
[Subsystems] Discovering subsystems at path C:/Program Files/Unity/Hub/Editor/2020.3.2f1/Editor/Data/Resources/UnitySubsystems
[Subsystems] Discovering subsystems at path E:/PROGRAMACION/UNITY/Proyectos/Cursos y pruebas/Multijugador/Assets
GfxDevice: creating device client; threaded=0
Direct3D:
    Version:  Direct3D 11.0 [level 11.0]
    Renderer: NVIDIA GeForce 820M (ID=0x1140)
    Vendor:   
    VRAM:     2000 MB
    Driver:   23.21.13.8857
Initialize mono
Mono path[0] = 'C:/Program Files/Unity/Hub/Editor/2020.3.2f1/Editor/Data/Managed'
Mono path[1] = 'C:/Program Files/Unity/Hub/Editor/2020.3.2f1/Editor/Data/MonoBleedingEdge/lib/mono/unityjit'
Mono config path = 'C:/Program Files/Unity/Hub/Editor/2020.3.2f1/Editor/Data/MonoBleedingEdge/etc'
Using monoOptions --debugger-agent=transport=dt_socket,embedding=1,server=y,suspend=n,address=127.0.0.1:56204
Begin MonoManager ReloadAssembly
Registering precompiled unity dll's ...
Register platform support module: C:/Program Files/Unity/Hub/Editor/2020.3.2f1/Editor/Data/PlaybackEngines/WindowsStandaloneSupport/UnityEditor.WindowsStandalone.Extensions.dll
Registered in 0.005727 seconds.
Native extension for WindowsStandalone target not found
Refreshing native plugins compatible for Editor in 68.00 ms, found 0 plugins.
Preloading 0 native plugins for Editor in 0.00 ms.
Invoked RoslynAnalysisRunner static constructor.
RoslynAnalysisRunner will not be running.
RoslynAnalysisRunner has terminated.
Mono: successfully reloaded assembly
- Completed reload, in  2.752 seconds
Platform modules already initialized, skipping
Registering precompiled user dll's ...
Registered in 0.007528 seconds.
Begin MonoManager ReloadAssembly
Native extension for WindowsStandalone target not found
Refreshing native plugins compatible for Editor in 0.66 ms, found 0 plugins.
Preloading 0 native plugins for Editor in 0.00 ms.
Invoked RoslynAnalysisRunner static constructor.
RoslynAnalysisRunner will not be running.
RoslynAnalysisRunner has terminated.
Mono: successfully reloaded assembly
- Completed reload, in  1.646 seconds
Platform modules already initialized, skipping
========================================================================
Worker process is ready to serve import requests
Launched and connected shader compiler UnityShaderCompiler.exe after 0.09 seconds
Refreshing native plugins compatible for Editor in 0.68 ms, found 0 plugins.
Preloading 0 native plugins for Editor in 0.00 ms.
Unloading 1641 Unused Serialized files (Serialized files now loaded: 0)
System memory in use before: 78.2 MB.
System memory in use after: 78.3 MB.

Unloading 39 unused Assets to reduce memory usage. Loaded Objects now: 2067.
Total: 4.282300 ms (FindLiveObjects: 0.238100 ms CreateObjectMapping: 0.147000 ms MarkObjects: 3.760600 ms  DeleteObjects: 0.134200 ms)

========================================================================
Received Import Request.
  path: Assets/Prefabs/Player.prefab
  artifactKey: Guid(73166c733d23edf4ab11f1674ea2f706) Importer(815301076,1909f56bfc062723c751e8b465ee728b)
Start importing Assets/Prefabs/Player.prefab using Guid(73166c733d23edf4ab11f1674ea2f706) Importer(815301076,1909f56bfc062723c751e8b465ee728b)  -> (artifact id: 'ee755a4964a970392c41b4e7fd4becab') in 0.302285 seconds
  Import took 0.310898 seconds .

========================================================================
Received Import Request.
  Time since last request: 0.785065 seconds.
  path: Assets/Prefabs/Player.prefab
  artifactKey: Guid(73166c733d23edf4ab11f1674ea2f706) Importer(815301076,1909f56bfc062723c751e8b465ee728b)
Start importing Assets/Prefabs/Player.prefab using Guid(73166c733d23edf4ab11f1674ea2f706) Importer(815301076,1909f56bfc062723c751e8b465ee728b)  -> (artifact id: 'a613078204d0acd4f5991b5fd7e98d0d') in 0.160093 seconds
  Import took 0.172082 seconds .

========================================================================
Received Import Request.
  Time since last request: 23.199075 seconds.
  path: Assets/Prefabs/Player.prefab
  artifactKey: Guid(73166c733d23edf4ab11f1674ea2f706) Importer(815301076,1909f56bfc062723c751e8b465ee728b)
Start importing Assets/Prefabs/Player.prefab using Guid(73166c733d23edf4ab11f1674ea2f706) Importer(815301076,1909f56bfc062723c751e8b465ee728b) Diagnostics callstack to track who triggered the sub-import:
0x00007ff7816df9d2 (Unity) ImporterAssetResolver::ResolveAsset
0x00007ff781747b12 (Unity) ResolveArtifactV2
0x00007ff7817a2990 (Unity) ImportToObjects
0x00007ff7817a1bc8 (Unity) AssetImportWorker::Import
0x00007ff7817011cf (Unity) <lambda_77c748ffdfab40a7d87ea62709a69e39>::operator()
0x00007ff7817cc6e2 (Unity) asio::detail::completion_handler<core::mutable_function<void __cdecl(void)> >::do_complete
0x00007ff7817ce840 (Unity) asio::detail::win_iocp_io_service::do_one
0x00007ff7817d1fce (Unity) asio::io_service::run
0x00007ff781748050 (Unity) RunAssetImportWorkerClientV2
0x00007ff7817480a0 (Unity) RunAssetImporterV2
0x00007ff780c589e6 (Unity) Application::InitializeProject
0x00007ff7815d48b2 (Unity) WinMain
0x00007ff78344c916 (Unity) __scrt_common_main_seh
0x00007fff46e87bd4 (KERNEL32) BaseThreadInitThunk
0x00007fff48e2ced1 (ntdll) RtlUserThreadStart

Requesting import of Guid(73166c733d23edf4ab11f1674ea2f706) Importer(-1,00000000000000000000000000000000), Assets/Prefabs/Player.prefab from editor
Resuming Guid(73166c733d23edf4ab11f1674ea2f706) Importer(-1,00000000000000000000000000000000) -> 00000000000000000000000000000000 (aborted)
Diagnostics callstack to track who triggered the sub-import:
0x00007ff7816df9d2 (Unity) ImporterAssetResolver::ResolveAsset
0x00007ff781747b12 (Unity) ResolveArtifactV2
0x00007ff7817426d1 (Unity) ProduceArtifactV2
0x00007ff7816a8fde (Unity) AssetDatabase::ProduceArtifact
0x00007ff78168edd8 (Unity) PreviewImporter::GenerateAssetData
0x00007ff7817a2d59 (Unity) ImportToObjects
0x00007ff7817a1bc8 (Unity) AssetImportWorker::Import
0x00007ff7817011cf (Unity) <lambda_77c748ffdfab40a7d87ea62709a69e39>::operator()
0x00007ff7817cc6e2 (Unity) asio::detail::completion_handler<core::mutable_function<void __cdecl(void)> >::do_complete
0x00007ff7817ce840 (Unity) asio::detail::win_iocp_io_service::do_one
0x00007ff7817d1fce (Unity) asio::io_service::run
0x00007ff781748050 (Unity) RunAssetImportWorkerClientV2
0x00007ff7817480a0 (Unity) RunAssetImporterV2
0x00007ff780c589e6 (Unity) Application::InitializeProject
0x00007ff7815d48b2 (Unity) WinMain
0x00007ff78344c916 (Unity) __scrt_common_main_seh
0x00007fff46e87bd4 (KERNEL32) BaseThreadInitThunk
0x00007fff48e2ced1 (ntdll) RtlUserThreadStart

Sub-import of Guid(73166c733d23edf4ab11f1674ea2f706) Importer(-1,00000000000000000000000000000000), Assets/Prefabs/Player.prefab skipped because a previous one failed already
 -> (artifact id: 'ff5259dacd366c845ffbcf7205abe202') in 3.338947 seconds
  Import took 3.347885 seconds (was aborted).

========================================================================
Received Import Request.
  Time since last request: 0.000407 seconds.
  path: Assets/Prefabs/Player.prefab
  artifactKey: Guid(73166c733d23edf4ab11f1674ea2f706) Importer(815301076,1909f56bfc062723c751e8b465ee728b)
Start importing Assets/Prefabs/Player.prefab using Guid(73166c733d23edf4ab11f1674ea2f706) Importer(815301076,1909f56bfc062723c751e8b465ee728b)  -> (artifact id: '5baef1ca1a33a8a627b202170ef6e4cd') in 0.024334 seconds
  Import took 0.030125 seconds .

========================================================================
Received Import Request.
  Time since last request: 27.662834 seconds.
  path: Assets/Prefabs/Player.prefab
  artifactKey: Guid(73166c733d23edf4ab11f1674ea2f706) Importer(815301076,1909f56bfc062723c751e8b465ee728b)
Start importing Assets/Prefabs/Player.prefab using Guid(73166c733d23edf4ab11f1674ea2f706) Importer(815301076,1909f56bfc062723c751e8b465ee728b)  -> (artifact id: 'a9983851f6c71b546b116fc2c1757a18') in 0.139433 seconds
  Import took 0.147577 seconds .

========================================================================
Received Import Request.
  Time since last request: 11.147312 seconds.
  path: Assets/Prefabs/Player.prefab
  artifactKey: Guid(73166c733d23edf4ab11f1674ea2f706) Importer(815301076,1909f56bfc062723c751e8b465ee728b)
Start importing Assets/Prefabs/Player.prefab using Guid(73166c733d23edf4ab11f1674ea2f706) Importer(815301076,1909f56bfc062723c751e8b465ee728b)  -> (artifact id: '0b7351e2e2c9a65e1d1502e27dc5ebe2') in 0.046640 seconds
  Import took 0.054463 seconds .

========================================================================
Received Import Request.
  Time since last request: 1.882319 seconds.
  path: Assets/Prefabs/Player.prefab
  artifactKey: Guid(73166c733d23edf4ab11f1674ea2f706) Importer(815301076,1909f56bfc062723c751e8b465ee728b)
Start importing Assets/Prefabs/Player.prefab using Guid(73166c733d23edf4ab11f1674ea2f706) Importer(815301076,1909f56bfc062723c751e8b465ee728b)  -> (artifact id: '9de17712d5739d6a94e59b6ae27f9631') in 0.048870 seconds
  Import took 0.063473 seconds .

========================================================================
Received Import Request.
  Time since last request: 4.603457 seconds.
  path: Assets/Prefabs/Player.prefab
  artifactKey: Guid(73166c733d23edf4ab11f1674ea2f706) Importer(815301076,1909f56bfc062723c751e8b465ee728b)
Start importing Assets/Prefabs/Player.prefab using Guid(73166c733d23edf4ab11f1674ea2f706) Importer(815301076,1909f56bfc062723c751e8b465ee728b)  -> (artifact id: '1e710ef5be47b07856b3543aab3fbcf3') in 0.141758 seconds
  Import took 0.152254 seconds .

========================================================================
Received Import Request.
  Time since last request: 8.794522 seconds.
  path: Assets/Prefabs/Player.prefab
  artifactKey: Guid(73166c733d23edf4ab11f1674ea2f706) Importer(815301076,1909f56bfc062723c751e8b465ee728b)
Start importing Assets/Prefabs/Player.prefab using Guid(73166c733d23edf4ab11f1674ea2f706) Importer(815301076,1909f56bfc062723c751e8b465ee728b)  -> (artifact id: '84912794c6842a3ca38d6c25cb94911f') in 0.188562 seconds
  Import took 0.195926 seconds .

========================================================================
Received Import Request.
  Time since last request: 8.859260 seconds.
  path: Assets/Prefabs/Player.prefab
  artifactKey: Guid(73166c733d23edf4ab11f1674ea2f706) Importer(815301076,1909f56bfc062723c751e8b465ee728b)
Start importing Assets/Prefabs/Player.prefab using Guid(73166c733d23edf4ab11f1674ea2f706) Importer(815301076,1909f56bfc062723c751e8b465ee728b)  -> (artifact id: '57c908993ec3720baa29319d9c1b90a4') in 0.114234 seconds
  Import took 0.122054 seconds .

========================================================================
Received Import Request.
  Time since last request: 15.018971 seconds.
  path: Assets/Prefabs/Player.prefab
  artifactKey: Guid(73166c733d23edf4ab11f1674ea2f706) Importer(815301076,1909f56bfc062723c751e8b465ee728b)
Start importing Assets/Prefabs/Player.prefab using Guid(73166c733d23edf4ab11f1674ea2f706) Importer(815301076,1909f56bfc062723c751e8b465ee728b)  -> (artifact id: '915fe7738d058c0c699b274dba10cdfc') in 0.134018 seconds
  Import took 0.142047 seconds .

========================================================================
Received Import Request.
  Time since last request: 5.540997 seconds.
  path: Assets/Prefabs/Player.prefab
  artifactKey: Guid(73166c733d23edf4ab11f1674ea2f706) Importer(815301076,1909f56bfc062723c751e8b465ee728b)
Start importing Assets/Prefabs/Player.prefab using Guid(73166c733d23edf4ab11f1674ea2f706) Importer(815301076,1909f56bfc062723c751e8b465ee728b)  -> (artifact id: '7d35349f8dc3efbdb3c54a38d638000c') in 0.126857 seconds
  Import took 0.133281 seconds .

========================================================================
Received Import Request.
  Time since last request: 11.896728 seconds.
  path: Assets/Prefabs/Player.prefab
  artifactKey: Guid(73166c733d23edf4ab11f1674ea2f706) Importer(815301076,1909f56bfc062723c751e8b465ee728b)
Start importing Assets/Prefabs/Player.prefab using Guid(73166c733d23edf4ab11f1674ea2f706) Importer(815301076,1909f56bfc062723c751e8b465ee728b)  -> (artifact id: 'b6156bd2b207afa57870ec8e97f38030') in 0.142697 seconds
  Import took 0.149932 seconds .

========================================================================
Received Import Request.
  Time since last request: 3.908434 seconds.
  path: Assets/Prefabs/Player.prefab
  artifactKey: Guid(73166c733d23edf4ab11f1674ea2f706) Importer(815301076,1909f56bfc062723c751e8b465ee728b)
Start importing Assets/Prefabs/Player.prefab using Guid(73166c733d23edf4ab11f1674ea2f706) Importer(815301076,1909f56bfc062723c751e8b465ee728b)  -> (artifact id: 'a8146da712e55a0f976ca57b959378f4') in 0.121802 seconds
  Import took 0.129251 seconds .

========================================================================
Received Import Request.
  Time since last request: 9.202814 seconds.
  path: Assets/Prefabs/Player.prefab
  artifactKey: Guid(73166c733d23edf4ab11f1674ea2f706) Importer(815301076,1909f56bfc062723c751e8b465ee728b)
Start importing Assets/Prefabs/Player.prefab using Guid(73166c733d23edf4ab11f1674ea2f706) Importer(815301076,1909f56bfc062723c751e8b465ee728b)  -> (artifact id: '8ee20211be0015935c2f8fac6d7a5089') in 0.165353 seconds
  Import took 0.173405 seconds .

========================================================================
Received Import Request.
  Time since last request: 5.546604 seconds.
  path: Assets/Prefabs/Player.prefab
  artifactKey: Guid(73166c733d23edf4ab11f1674ea2f706) Importer(815301076,1909f56bfc062723c751e8b465ee728b)
Start importing Assets/Prefabs/Player.prefab using Guid(73166c733d23edf4ab11f1674ea2f706) Importer(815301076,1909f56bfc062723c751e8b465ee728b)  -> (artifact id: '8689f88381c26454c81937bf14e3c2f4') in 0.127862 seconds
  Import took 0.135091 seconds .

========================================================================
Received Prepare
Refreshing native plugins compatible for Editor in 23.60 ms, found 0 plugins.
Preloading 0 native plugins for Editor in 0.00 ms.
Unloading 28 Unused Serialized files (Serialized files now loaded: 0)
System memory in use before: 48.0 MB.
System memory in use after: 48.1 MB.

Unloading 31 unused Assets to reduce memory usage. Loaded Objects now: 2074.
Total: 13.033100 ms (FindLiveObjects: 0.853600 ms CreateObjectMapping: 0.334900 ms MarkObjects: 11.680200 ms  DeleteObjects: 0.160200 ms)

========================================================================
Received Prepare
Registering precompiled user dll's ...
Registered in 0.034036 seconds.
Begin MonoManager ReloadAssembly
Native extension for WindowsStandalone target not found
Refreshing native plugins compatible for Editor in 1.31 ms, found 0 plugins.
Preloading 0 native plugins for Editor in 0.00 ms.
Invoked RoslynAnalysisRunner static constructor.
RoslynAnalysisRunner will not be running.
RoslynAnalysisRunner has terminated.
Mono: successfully reloaded assembly
- Completed reload, in  3.819 seconds
Platform modules already initialized, skipping
Refreshing native plugins compatible for Editor in 0.84 ms, found 0 plugins.
Preloading 0 native plugins for Editor in 0.00 ms.
Unloading 1608 Unused Serialized files (Serialized files now loaded: 0)
System memory in use before: 78.5 MB.
System memory in use after: 78.6 MB.

Unloading 30 unused Assets to reduce memory usage. Loaded Objects now: 2077.
Total: 4.988800 ms (FindLiveObjects: 0.659700 ms CreateObjectMapping: 0.546100 ms MarkObjects: 3.675900 ms  DeleteObjects: 0.095600 ms)

========================================================================
Received Import Request.
  Time since last request: 95.308526 seconds.
  path: Assets/Prefabs/Player.prefab
  artifactKey: Guid(73166c733d23edf4ab11f1674ea2f706) Importer(815301076,1909f56bfc062723c751e8b465ee728b)
Start importing Assets/Prefabs/Player.prefab using Guid(73166c733d23edf4ab11f1674ea2f706) Importer(815301076,1909f56bfc062723c751e8b465ee728b)  -> (artifact id: '0ae019e853f9a9a8468277e75f579b37') in 0.194637 seconds
  Import took 0.205863 seconds .

========================================================================
Received Prepare
Refreshing native plugins compatible for Editor in 23.34 ms, found 0 plugins.
Preloading 0 native plugins for Editor in 0.00 ms.
Unloading 28 Unused Serialized files (Serialized files now loaded: 0)
System memory in use before: 47.9 MB.
System memory in use after: 47.9 MB.

Unloading 30 unused Assets to reduce memory usage. Loaded Objects now: 2078.
Total: 8.914300 ms (FindLiveObjects: 0.441700 ms CreateObjectMapping: 0.226500 ms MarkObjects: 8.008400 ms  DeleteObjects: 0.234400 ms)

========================================================================
Received Prepare
Registering precompiled user dll's ...
Registered in 0.072763 seconds.
Begin MonoManager ReloadAssembly
Native extension for WindowsStandalone target not found
Refreshing native plugins compatible for Editor in 1.52 ms, found 0 plugins.
Preloading 0 native plugins for Editor in 0.00 ms.
Invoked RoslynAnalysisRunner static constructor.
RoslynAnalysisRunner will not be running.
RoslynAnalysisRunner has terminated.
Mono: successfully reloaded assembly
- Completed reload, in  5.478 seconds
Platform modules already initialized, skipping
Refreshing native plugins compatible for Editor in 0.82 ms, found 0 plugins.
Preloading 0 native plugins for Editor in 0.00 ms.
Unloading 1608 Unused Serialized files (Serialized files now loaded: 0)
System memory in use before: 78.6 MB.
System memory in use after: 78.7 MB.

Unloading 30 unused Assets to reduce memory usage. Loaded Objects now: 2081.
Total: 3.884500 ms (FindLiveObjects: 0.200600 ms CreateObjectMapping: 0.087700 ms MarkObjects: 3.506000 ms  DeleteObjects: 0.088300 ms)

========================================================================
Received Import Request.
  Time since last request: 141.017668 seconds.
  path: Assets/Prefabs/Player.prefab
  artifactKey: Guid(73166c733d23edf4ab11f1674ea2f706) Importer(815301076,1909f56bfc062723c751e8b465ee728b)
Start importing Assets/Prefabs/Player.prefab using Guid(73166c733d23edf4ab11f1674ea2f706) Importer(815301076,1909f56bfc062723c751e8b465ee728b)  -> (artifact id: '6007d5b42d05820944fb39bbabcfadcd') in 0.163713 seconds
  Import took 0.172813 seconds .

========================================================================
Received Import Request.
  Time since last request: 10.723171 seconds.
  path: Assets/Prefabs/Player.prefab
  artifactKey: Guid(73166c733d23edf4ab11f1674ea2f706) Importer(815301076,1909f56bfc062723c751e8b465ee728b)
Start importing Assets/Prefabs/Player.prefab using Guid(73166c733d23edf4ab11f1674ea2f706) Importer(815301076,1909f56bfc062723c751e8b465ee728b)  -> (artifact id: 'a90f2c8ad377406d9661434bdb7d4955') in 0.122171 seconds
  Import took 0.133739 seconds .

========================================================================
Received Import Request.
  Time since last request: 13.814127 seconds.
  path: Assets/Prefabs/Player.prefab
  artifactKey: Guid(73166c733d23edf4ab11f1674ea2f706) Importer(815301076,1909f56bfc062723c751e8b465ee728b)
Start importing Assets/Prefabs/Player.prefab using Guid(73166c733d23edf4ab11f1674ea2f706) Importer(815301076,1909f56bfc062723c751e8b465ee728b)  -> (artifact id: '8d0f2ed4288ab74ed7ab937fd34a7213') in 0.128764 seconds
  Import took 0.145105 seconds .

========================================================================
Received Prepare
Refreshing native plugins compatible for Editor in 26.22 ms, found 0 plugins.
Preloading 0 native plugins for Editor in 0.00 ms.
Unloading 28 Unused Serialized files (Serialized files now loaded: 0)
System memory in use before: 47.9 MB.
System memory in use after: 48.0 MB.

Unloading 30 unused Assets to reduce memory usage. Loaded Objects now: 2082.
Total: 12.192300 ms (FindLiveObjects: 0.723800 ms CreateObjectMapping: 1.787500 ms MarkObjects: 9.575600 ms  DeleteObjects: 0.102400 ms)

========================================================================
Received Prepare
Registering precompiled user dll's ...
Registered in 0.053788 seconds.
Begin MonoManager ReloadAssembly
Native extension for WindowsStandalone target not found
Refreshing native plugins compatible for Editor in 3.42 ms, found 0 plugins.
Preloading 0 native plugins for Editor in 0.00 ms.
Invoked RoslynAnalysisRunner static constructor.
RoslynAnalysisRunner will not be running.
RoslynAnalysisRunner has terminated.
Mono: successfully reloaded assembly
- Completed reload, in  6.085 seconds
Platform modules already initialized, skipping
Refreshing native plugins compatible for Editor in 1.99 ms, found 0 plugins.
Preloading 0 native plugins for Editor in 0.00 ms.
Unloading 1608 Unused Serialized files (Serialized files now loaded: 0)
System memory in use before: 78.6 MB.
System memory in use after: 78.7 MB.

Unloading 30 unused Assets to reduce memory usage. Loaded Objects now: 2085.
Total: 4.481500 ms (FindLiveObjects: 0.254400 ms CreateObjectMapping: 0.162800 ms MarkObjects: 3.895000 ms  DeleteObjects: 0.166600 ms)

========================================================================
Received Prepare
Refreshing native plugins compatible for Editor in 21.28 ms, found 0 plugins.
Preloading 0 native plugins for Editor in 0.00 ms.
Unloading 28 Unused Serialized files (Serialized files now loaded: 0)
System memory in use before: 47.5 MB.
System memory in use after: 47.5 MB.

Unloading 28 unused Assets to reduce memory usage. Loaded Objects now: 2085.
Total: 7.023500 ms (FindLiveObjects: 0.607800 ms CreateObjectMapping: 0.369900 ms MarkObjects: 5.932900 ms  DeleteObjects: 0.109300 ms)

========================================================================
Received Prepare
Registering precompiled user dll's ...
Registered in 0.039425 seconds.
Begin MonoManager ReloadAssembly
Native extension for WindowsStandalone target not found
Refreshing native plugins compatible for Editor in 1.35 ms, found 0 plugins.
Preloading 0 native plugins for Editor in 0.00 ms.
Invoked RoslynAnalysisRunner static constructor.
RoslynAnalysisRunner will not be running.
RoslynAnalysisRunner has terminated.
Mono: successfully reloaded assembly
- Completed reload, in  6.014 seconds
Platform modules already initialized, skipping
Refreshing native plugins compatible for Editor in 3.06 ms, found 0 plugins.
Preloading 0 native plugins for Editor in 0.00 ms.
Unloading 1608 Unused Serialized files (Serialized files now loaded: 0)
System memory in use before: 78.6 MB.
System memory in use after: 78.7 MB.

Unloading 30 unused Assets to reduce memory usage. Loaded Objects now: 2088.
Total: 7.880300 ms (FindLiveObjects: 0.840700 ms CreateObjectMapping: 0.188600 ms MarkObjects: 2.374600 ms  DeleteObjects: 4.468900 ms)

========================================================================
Received Import Request.
  Time since last request: 375.843495 seconds.
  path: Assets/Prefabs/Player.prefab
  artifactKey: Guid(73166c733d23edf4ab11f1674ea2f706) Importer(815301076,1909f56bfc062723c751e8b465ee728b)
Start importing Assets/Prefabs/Player.prefab using Guid(73166c733d23edf4ab11f1674ea2f706) Importer(815301076,1909f56bfc062723c751e8b465ee728b)  -> (artifact id: 'd4d12a35efc0311f6e316dbed692234c') in 0.224050 seconds
  Import took 0.231707 seconds .

========================================================================
Received Import Request.
  Time since last request: 13.383837 seconds.
  path: Assets/Prefabs/Player.prefab
  artifactKey: Guid(73166c733d23edf4ab11f1674ea2f706) Importer(815301076,1909f56bfc062723c751e8b465ee728b)
Start importing Assets/Prefabs/Player.prefab using Guid(73166c733d23edf4ab11f1674ea2f706) Importer(815301076,1909f56bfc062723c751e8b465ee728b)  -> (artifact id: '5426586295f38032503236bfb13fea6e') in 0.120119 seconds
  Import took 0.129488 seconds .

========================================================================
Received Import Request.
  Time since last request: 9.577750 seconds.
  path: Assets/Prefabs/Player.prefab
  artifactKey: Guid(73166c733d23edf4ab11f1674ea2f706) Importer(815301076,1909f56bfc062723c751e8b465ee728b)
Start importing Assets/Prefabs/Player.prefab using Guid(73166c733d23edf4ab11f1674ea2f706) Importer(815301076,1909f56bfc062723c751e8b465ee728b)  -> (artifact id: 'f74c694a3fe74b6f5625158095027ee6') in 0.134822 seconds
  Import took 0.146216 seconds .

========================================================================
Received Import Request.
  Time since last request: 13.271293 seconds.
  path: Assets/Prefabs/Player.prefab
  artifactKey: Guid(73166c733d23edf4ab11f1674ea2f706) Importer(815301076,1909f56bfc062723c751e8b465ee728b)
Start importing Assets/Prefabs/Player.prefab using Guid(73166c733d23edf4ab11f1674ea2f706) Importer(815301076,1909f56bfc062723c751e8b465ee728b)  -> (artifact id: '8611a770f56ca582720c6e8a88bcf48e') in 0.122495 seconds
  Import took 0.133862 seconds .

========================================================================
Received Prepare
Registering precompiled user dll's ...
Registered in 0.010063 seconds.
Begin MonoManager ReloadAssembly
Native extension for WindowsStandalone target not found
Refreshing native plugins compatible for Editor in 0.65 ms, found 0 plugins.
Preloading 0 native plugins for Editor in 0.00 ms.
Invoked RoslynAnalysisRunner static constructor.
RoslynAnalysisRunner will not be running.
RoslynAnalysisRunner has terminated.
Mono: successfully reloaded assembly
- Completed reload, in  1.828 seconds
Platform modules already initialized, skipping
Refreshing native plugins compatible for Editor in 0.73 ms, found 0 plugins.
Preloading 0 native plugins for Editor in 0.00 ms.
Unloading 1608 Unused Serialized files (Serialized files now loaded: 0)
System memory in use before: 78.6 MB.
System memory in use after: 78.7 MB.

Unloading 32 unused Assets to reduce memory usage. Loaded Objects now: 2092.
Total: 3.633800 ms (FindLiveObjects: 0.259400 ms CreateObjectMapping: 0.171000 ms MarkObjects: 3.110900 ms  DeleteObjects: 0.090800 ms)

========================================================================
Received Prepare
Refreshing native plugins compatible for Editor in 21.40 ms, found 0 plugins.
Preloading 0 native plugins for Editor in 0.00 ms.
Unloading 28 Unused Serialized files (Serialized files now loaded: 0)
System memory in use before: 47.5 MB.
System memory in use after: 47.6 MB.

Unloading 28 unused Assets to reduce memory usage. Loaded Objects now: 2092.
Total: 7.470000 ms (FindLiveObjects: 0.233600 ms CreateObjectMapping: 0.114600 ms MarkObjects: 6.996600 ms  DeleteObjects: 0.122200 ms)

========================================================================
Received Prepare
Registering precompiled user dll's ...
Registered in 0.066239 seconds.
Begin MonoManager ReloadAssembly
Native extension for WindowsStandalone target not found
Refreshing native plugins compatible for Editor in 7.45 ms, found 0 plugins.
Preloading 0 native plugins for Editor in 0.00 ms.
Invoked RoslynAnalysisRunner static constructor.
RoslynAnalysisRunner will not be running.
RoslynAnalysisRunner has terminated.
Mono: successfully reloaded assembly
- Completed reload, in  5.121 seconds
Platform modules already initialized, skipping
Refreshing native plugins compatible for Editor in 3.19 ms, found 0 plugins.
Preloading 0 native plugins for Editor in 0.00 ms.
Unloading 1608 Unused Serialized files (Serialized files now loaded: 0)
System memory in use before: 78.6 MB.
System memory in use after: 78.7 MB.

Unloading 30 unused Assets to reduce memory usage. Loaded Objects now: 2095.
Total: 6.951100 ms (FindLiveObjects: 0.528700 ms CreateObjectMapping: 0.681000 ms MarkObjects: 5.525000 ms  DeleteObjects: 0.211500 ms)

========================================================================
Received Import Request.
  Time since last request: 399.330089 seconds.
  path: Assets/_Scripts/Enemies.cs
  artifactKey: Guid(e95aa2002841846449c53dec20de4a46) Importer(815301076,1909f56bfc062723c751e8b465ee728b)
Start importing Assets/_Scripts/Enemies.cs using Guid(e95aa2002841846449c53dec20de4a46) Importer(815301076,1909f56bfc062723c751e8b465ee728b)  -> (artifact id: '1a1c91863a198575ef71fa3944413c0e') in 0.153318 seconds
  Import took 0.162465 seconds .

========================================================================
Received Prepare
Registering precompiled user dll's ...
Registered in 0.021174 seconds.
Begin MonoManager ReloadAssembly
Native extension for WindowsStandalone target not found
Refreshing native plugins compatible for Editor in 0.69 ms, found 0 plugins.
Preloading 0 native plugins for Editor in 0.00 ms.
Invoked RoslynAnalysisRunner static constructor.
RoslynAnalysisRunner will not be running.
RoslynAnalysisRunner has terminated.
Mono: successfully reloaded assembly
- Completed reload, in  2.583 seconds
Platform modules already initialized, skipping
Refreshing native plugins compatible for Editor in 0.74 ms, found 0 plugins.
Preloading 0 native plugins for Editor in 0.00 ms.
Unloading 1609 Unused Serialized files (Serialized files now loaded: 0)
System memory in use before: 78.7 MB.
System memory in use after: 78.8 MB.

Unloading 30 unused Assets to reduce memory usage. Loaded Objects now: 2099.
Total: 8.842400 ms (FindLiveObjects: 0.328500 ms CreateObjectMapping: 0.132900 ms MarkObjects: 8.235500 ms  DeleteObjects: 0.142000 ms)

========================================================================
Received Prepare
Registering precompiled user dll's ...
Registered in 0.013571 seconds.
Begin MonoManager ReloadAssembly
Native extension for WindowsStandalone target not found
Refreshing native plugins compatible for Editor in 0.84 ms, found 0 plugins.
Preloading 0 native plugins for Editor in 0.00 ms.
Invoked RoslynAnalysisRunner static constructor.
RoslynAnalysisRunner will not be running.
RoslynAnalysisRunner has terminated.
Mono: successfully reloaded assembly
- Completed reload, in  2.234 seconds
Platform modules already initialized, skipping
Refreshing native plugins compatible for Editor in 0.67 ms, found 0 plugins.
Preloading 0 native plugins for Editor in 0.00 ms.
Unloading 1609 Unused Serialized files (Serialized files now loaded: 0)
System memory in use before: 78.7 MB.
System memory in use after: 78.8 MB.

Unloading 30 unused Assets to reduce memory usage. Loaded Objects now: 2102.
Total: 3.504500 ms (FindLiveObjects: 0.471600 ms CreateObjectMapping: 0.224700 ms MarkObjects: 2.718500 ms  DeleteObjects: 0.087700 ms)

========================================================================
Received Import Request.
  Time since last request: 714.690818 seconds.
  path: Assets/_Scripts/Enemies.cs
  artifactKey: Guid(e95aa2002841846449c53dec20de4a46) Importer(815301076,1909f56bfc062723c751e8b465ee728b)
Start importing Assets/_Scripts/Enemies.cs using Guid(e95aa2002841846449c53dec20de4a46) Importer(815301076,1909f56bfc062723c751e8b465ee728b)  -> (artifact id: '2d98b1423fb033e95b5df1d14e971fe2') in 0.012428 seconds
  Import took 0.018103 seconds .

========================================================================
Received Import Request.
  Time since last request: 95.524585 seconds.
  path: Assets/Prefabs/Enemy.prefab
  artifactKey: Guid(f97c4d3a48744de449cc5ae97665d3aa) Importer(815301076,1909f56bfc062723c751e8b465ee728b)
Start importing Assets/Prefabs/Enemy.prefab using Guid(f97c4d3a48744de449cc5ae97665d3aa) Importer(815301076,1909f56bfc062723c751e8b465ee728b)  -> (artifact id: 'e598d73256589bf646a8db5b889eae3c') in 0.243971 seconds
  Import took 0.254026 seconds .

========================================================================
Received Import Request.
  Time since last request: 64.480369 seconds.
  path: Assets/Prefabs/Enemy.prefab
  artifactKey: Guid(f97c4d3a48744de449cc5ae97665d3aa) Importer(815301076,1909f56bfc062723c751e8b465ee728b)
Start importing Assets/Prefabs/Enemy.prefab using Guid(f97c4d3a48744de449cc5ae97665d3aa) Importer(815301076,1909f56bfc062723c751e8b465ee728b)  -> (artifact id: 'f11e7b08282ebe5f48236c0f34a8f56c') in 0.047848 seconds
  Import took 0.146294 seconds .

========================================================================
Received Prepare
Refreshing native plugins compatible for Editor in 28.10 ms, found 0 plugins.
Preloading 0 native plugins for Editor in 0.00 ms.
Unloading 28 Unused Serialized files (Serialized files now loaded: 0)
System memory in use before: 48.0 MB.
System memory in use after: 48.1 MB.

Unloading 30 unused Assets to reduce memory usage. Loaded Objects now: 2103.
Total: 4.396800 ms (FindLiveObjects: 0.203000 ms CreateObjectMapping: 0.086500 ms MarkObjects: 3.886300 ms  DeleteObjects: 0.218000 ms)

========================================================================
Received Import Request.
  Time since last request: 259.559909 seconds.
  path: Assets/Prefabs/Enemy.prefab
  artifactKey: Guid(f97c4d3a48744de449cc5ae97665d3aa) Importer(815301076,1909f56bfc062723c751e8b465ee728b)
Start importing Assets/Prefabs/Enemy.prefab using Guid(f97c4d3a48744de449cc5ae97665d3aa) Importer(815301076,1909f56bfc062723c751e8b465ee728b)  -> (artifact id: '7a37567e0667a18d29809e62b6dbe4b5') in 0.036212 seconds
  Import took 0.046663 seconds .

========================================================================
Received Import Request.
  Time since last request: 105.390160 seconds.
  path: Assets/Asset_tanks/Fonts/Bowlby_One/BowlbyOne-Regular.ttf
  artifactKey: Guid(3d7fe0a26ba72d949874021dc3d6995e) Importer(815301076,1909f56bfc062723c751e8b465ee728b)
Start importing Assets/Asset_tanks/Fonts/Bowlby_One/BowlbyOne-Regular.ttf using Guid(3d7fe0a26ba72d949874021dc3d6995e) Importer(815301076,1909f56bfc062723c751e8b465ee728b)  -> (artifact id: '0165d0e261cb770cae74a26ee1058963') in 0.179161 seconds
  Import took 0.189806 seconds .

========================================================================
Received Import Request.
  Time since last request: 18.103858 seconds.
  path: Assets/Prefabs/Enemy.prefab
  artifactKey: Guid(f97c4d3a48744de449cc5ae97665d3aa) Importer(815301076,1909f56bfc062723c751e8b465ee728b)
Start importing Assets/Prefabs/Enemy.prefab using Guid(f97c4d3a48744de449cc5ae97665d3aa) Importer(815301076,1909f56bfc062723c751e8b465ee728b)  -> (artifact id: '2860050bf2a2ed739a69b90ef2c7b6bc') in 0.036819 seconds
  Import took 0.056997 seconds .

========================================================================
Received Prepare
Refreshing native plugins compatible for Editor in 16.17 ms, found 0 plugins.
Preloading 0 native plugins for Editor in 0.00 ms.
Unloading 28 Unused Serialized files (Serialized files now loaded: 0)
System memory in use before: 48.5 MB.
System memory in use after: 48.6 MB.

Unloading 30 unused Assets to reduce memory usage. Loaded Objects now: 2140.
Total: 9.075900 ms (FindLiveObjects: 0.288900 ms CreateObjectMapping: 0.102300 ms MarkObjects: 8.489300 ms  DeleteObjects: 0.193000 ms)

========================================================================
Received Prepare
Registering precompiled user dll's ...
Registered in 0.064350 seconds.
Begin MonoManager ReloadAssembly
Native extension for WindowsStandalone target not found
Refreshing native plugins compatible for Editor in 12.07 ms, found 0 plugins.
Preloading 0 native plugins for Editor in 0.00 ms.
Invoked RoslynAnalysisRunner static constructor.
RoslynAnalysisRunner will not be running.
RoslynAnalysisRunner has terminated.
Mono: successfully reloaded assembly
- Completed reload, in 10.547 seconds
Platform modules already initialized, skipping
Refreshing native plugins compatible for Editor in 0.83 ms, found 0 plugins.
Preloading 0 native plugins for Editor in 0.00 ms.
Unloading 1609 Unused Serialized files (Serialized files now loaded: 0)
System memory in use before: 79.0 MB.
System memory in use after: 79.1 MB.

Unloading 30 unused Assets to reduce memory usage. Loaded Objects now: 2143.
Total: 10.770700 ms (FindLiveObjects: 0.502100 ms CreateObjectMapping: 0.176200 ms MarkObjects: 9.909600 ms  DeleteObjects: 0.178100 ms)

AssetImportWorkerClient::OnTransportError - code=2 error=End of file
