Using pre-set license
Built from '2020.3/release' branch; Version is '2020.3.2f1 (8fd9074bf66c) revision 9427207'; Using compiler version '192528614'; Build Type 'Release'
OS: 'Windows 10 Pro; OS build 18362.418; Version 1903; 64bit' Language: 'ca' Physical Memory: 12171 MB
BatchMode: 1, IsHumanControllingUs: 0, StartBugReporterOnCrash: 0, Is64bit: 1, IsPro: 0

 COMMAND LINE ARGUMENTS:
C:\Program Files\Unity\Hub\Editor\2020.3.2f1\Editor\Unity.exe
-adb2
-batchMode
-noUpm
-name
AssetImportWorker0
-projectPath
E:/PROGRAMACION/UNITY/Proyectos/Cursos y pruebas/Multijugador
-logFile
Logs/AssetImportWorker0.log
-srvPort
65348
Successfully changed project path to: E:/PROGRAMACION/UNITY/Proyectos/Cursos y pruebas/Multijugador
E:/PROGRAMACION/UNITY/Proyectos/Cursos y pruebas/Multijugador
Using Asset Import Pipeline V2.
Refreshing native plugins compatible for Editor in 72.89 ms, found 0 plugins.
Preloading 0 native plugins for Editor in 0.00 ms.
Initialize engine version: 2020.3.2f1 (8fd9074bf66c)
[Subsystems] Discovering subsystems at path C:/Program Files/Unity/Hub/Editor/2020.3.2f1/Editor/Data/Resources/UnitySubsystems
[Subsystems] Discovering subsystems at path E:/PROGRAMACION/UNITY/Proyectos/Cursos y pruebas/Multijugador/Assets
GfxDevice: creating device client; threaded=0
Direct3D:
    Version:  Direct3D 11.0 [level 11.0]
    Renderer: NVIDIA GeForce 820M (ID=0x1140)
    Vendor:   
    VRAM:     2000 MB
    Driver:   23.21.13.8857
Initialize mono
Mono path[0] = 'C:/Program Files/Unity/Hub/Editor/2020.3.2f1/Editor/Data/Managed'
Mono path[1] = 'C:/Program Files/Unity/Hub/Editor/2020.3.2f1/Editor/Data/MonoBleedingEdge/lib/mono/unityjit'
Mono config path = 'C:/Program Files/Unity/Hub/Editor/2020.3.2f1/Editor/Data/MonoBleedingEdge/etc'
Using monoOptions --debugger-agent=transport=dt_socket,embedding=1,server=y,suspend=n,address=127.0.0.1:56764
Begin MonoManager ReloadAssembly
Registering precompiled unity dll's ...
Register platform support module: C:/Program Files/Unity/Hub/Editor/2020.3.2f1/Editor/Data/PlaybackEngines/WindowsStandaloneSupport/UnityEditor.WindowsStandalone.Extensions.dll
Registered in 0.006199 seconds.
Native extension for WindowsStandalone target not found
Refreshing native plugins compatible for Editor in 86.52 ms, found 0 plugins.
Preloading 0 native plugins for Editor in 0.00 ms.
Invoked RoslynAnalysisRunner static constructor.
RoslynAnalysisRunner will not be running.
RoslynAnalysisRunner has terminated.
Mono: successfully reloaded assembly
- Completed reload, in  2.375 seconds
Platform modules already initialized, skipping
Registering precompiled user dll's ...
Registered in 0.009067 seconds.
Begin MonoManager ReloadAssembly
Native extension for WindowsStandalone target not found
Refreshing native plugins compatible for Editor in 0.65 ms, found 0 plugins.
Preloading 0 native plugins for Editor in 0.00 ms.
Invoked RoslynAnalysisRunner static constructor.
RoslynAnalysisRunner will not be running.
RoslynAnalysisRunner has terminated.
Mono: successfully reloaded assembly
- Completed reload, in  1.727 seconds
Platform modules already initialized, skipping
========================================================================
Worker process is ready to serve import requests
Launched and connected shader compiler UnityShaderCompiler.exe after 0.09 seconds
Refreshing native plugins compatible for Editor in 0.56 ms, found 0 plugins.
Preloading 0 native plugins for Editor in 0.00 ms.
Unloading 1642 Unused Serialized files (Serialized files now loaded: 0)
System memory in use before: 78.2 MB.
System memory in use after: 78.2 MB.

Unloading 39 unused Assets to reduce memory usage. Loaded Objects now: 2068.
Total: 3.314600 ms (FindLiveObjects: 0.218200 ms CreateObjectMapping: 0.089300 ms MarkObjects: 2.877800 ms  DeleteObjects: 0.127200 ms)

========================================================================
Received Import Request.
  path: Assets/Asset_tanks/Profiles/GlobalProfile.asset
  artifactKey: Guid(7a47a74a22125414e9a689e4b7c80970) Importer(815301076,1909f56bfc062723c751e8b465ee728b)
Start importing Assets/Asset_tanks/Profiles/GlobalProfile.asset using Guid(7a47a74a22125414e9a689e4b7c80970) Importer(815301076,1909f56bfc062723c751e8b465ee728b)  -> (artifact id: '6187df79ce7a1db7bf5699c698033ded') in 0.136649 seconds
  Import took 0.142522 seconds .

========================================================================
Received Import Request.
  Time since last request: 36.591253 seconds.
  path: Assets/Prefabs/Enemy.prefab
  artifactKey: Guid(f97c4d3a48744de449cc5ae97665d3aa) Importer(815301076,1909f56bfc062723c751e8b465ee728b)
Start importing Assets/Prefabs/Enemy.prefab using Guid(f97c4d3a48744de449cc5ae97665d3aa) Importer(815301076,1909f56bfc062723c751e8b465ee728b)  -> (artifact id: '7fe4f344d27281d6496e972e07eaccb0') in 0.194625 seconds
  Import took 0.200554 seconds .

========================================================================
Received Import Request.
  Time since last request: 1.475171 seconds.
  path: Assets/Prefabs/Enemy.prefab
  artifactKey: Guid(f97c4d3a48744de449cc5ae97665d3aa) Importer(815301076,1909f56bfc062723c751e8b465ee728b)
Start importing Assets/Prefabs/Enemy.prefab using Guid(f97c4d3a48744de449cc5ae97665d3aa) Importer(815301076,1909f56bfc062723c751e8b465ee728b)  -> (artifact id: '739d09e000ab1cdaaa0017405cecafc5') in 0.033157 seconds
  Import took 0.039296 seconds .

========================================================================
Received Prepare
Refreshing native plugins compatible for Editor in 15.22 ms, found 0 plugins.
Preloading 0 native plugins for Editor in 0.00 ms.
Unloading 28 Unused Serialized files (Serialized files now loaded: 0)
System memory in use before: 48.2 MB.
System memory in use after: 48.3 MB.

Unloading 30 unused Assets to reduce memory usage. Loaded Objects now: 2075.
Total: 4.874200 ms (FindLiveObjects: 0.500300 ms CreateObjectMapping: 0.160900 ms MarkObjects: 3.988600 ms  DeleteObjects: 0.221900 ms)

========================================================================
Received Prepare
Registering precompiled user dll's ...
Registered in 0.049477 seconds.
Begin MonoManager ReloadAssembly
Native extension for WindowsStandalone target not found
Refreshing native plugins compatible for Editor in 1.52 ms, found 0 plugins.
Preloading 0 native plugins for Editor in 0.00 ms.
Invoked RoslynAnalysisRunner static constructor.
RoslynAnalysisRunner will not be running.
RoslynAnalysisRunner has terminated.
Mono: successfully reloaded assembly
- Completed reload, in  4.148 seconds
Platform modules already initialized, skipping
Refreshing native plugins compatible for Editor in 1.26 ms, found 0 plugins.
Preloading 0 native plugins for Editor in 0.00 ms.
Unloading 1609 Unused Serialized files (Serialized files now loaded: 0)
System memory in use before: 78.5 MB.
System memory in use after: 78.6 MB.

Unloading 30 unused Assets to reduce memory usage. Loaded Objects now: 2078.
Total: 4.809700 ms (FindLiveObjects: 0.357500 ms CreateObjectMapping: 0.152100 ms MarkObjects: 4.136200 ms  DeleteObjects: 0.161400 ms)

========================================================================
Received Prepare
Refreshing native plugins compatible for Editor in 22.73 ms, found 0 plugins.
Preloading 0 native plugins for Editor in 0.00 ms.
Unloading 28 Unused Serialized files (Serialized files now loaded: 0)
System memory in use before: 47.3 MB.
System memory in use after: 47.4 MB.

Unloading 28 unused Assets to reduce memory usage. Loaded Objects now: 2078.
Total: 7.050200 ms (FindLiveObjects: 0.368200 ms CreateObjectMapping: 2.004500 ms MarkObjects: 4.591400 ms  DeleteObjects: 0.083000 ms)

========================================================================
Received Prepare
Registering precompiled user dll's ...
Registered in 0.020133 seconds.
Begin MonoManager ReloadAssembly
Native extension for WindowsStandalone target not found
Refreshing native plugins compatible for Editor in 4.24 ms, found 0 plugins.
Preloading 0 native plugins for Editor in 0.00 ms.
Invoked RoslynAnalysisRunner static constructor.
RoslynAnalysisRunner will not be running.
RoslynAnalysisRunner has terminated.
Mono: successfully reloaded assembly
- Completed reload, in  5.427 seconds
Platform modules already initialized, skipping
Refreshing native plugins compatible for Editor in 1.40 ms, found 0 plugins.
Preloading 0 native plugins for Editor in 0.00 ms.
Unloading 1609 Unused Serialized files (Serialized files now loaded: 0)
System memory in use before: 78.5 MB.
System memory in use after: 78.6 MB.

Unloading 30 unused Assets to reduce memory usage. Loaded Objects now: 2081.
Total: 6.113400 ms (FindLiveObjects: 0.749300 ms CreateObjectMapping: 0.431000 ms MarkObjects: 4.823200 ms  DeleteObjects: 0.107200 ms)

========================================================================
Received Prepare
Registering precompiled user dll's ...
Registered in 0.010100 seconds.
Begin MonoManager ReloadAssembly
Native extension for WindowsStandalone target not found
Refreshing native plugins compatible for Editor in 1.06 ms, found 0 plugins.
Preloading 0 native plugins for Editor in 0.00 ms.
Invoked RoslynAnalysisRunner static constructor.
RoslynAnalysisRunner will not be running.
RoslynAnalysisRunner has terminated.
Mono: successfully reloaded assembly
- Completed reload, in  4.049 seconds
Platform modules already initialized, skipping
Refreshing native plugins compatible for Editor in 0.68 ms, found 0 plugins.
Preloading 0 native plugins for Editor in 0.00 ms.
Unloading 1609 Unused Serialized files (Serialized files now loaded: 0)
System memory in use before: 78.5 MB.
System memory in use after: 78.6 MB.

Unloading 30 unused Assets to reduce memory usage. Loaded Objects now: 2084.
Total: 3.652800 ms (FindLiveObjects: 0.404100 ms CreateObjectMapping: 0.116100 ms MarkObjects: 3.015000 ms  DeleteObjects: 0.115000 ms)

========================================================================
Received Prepare
Registering precompiled user dll's ...
Registered in 0.012580 seconds.
Begin MonoManager ReloadAssembly
Native extension for WindowsStandalone target not found
Refreshing native plugins compatible for Editor in 0.78 ms, found 0 plugins.
Preloading 0 native plugins for Editor in 0.00 ms.
Invoked RoslynAnalysisRunner static constructor.
RoslynAnalysisRunner will not be running.
RoslynAnalysisRunner has terminated.
Mono: successfully reloaded assembly
- Completed reload, in  2.894 seconds
Platform modules already initialized, skipping
Refreshing native plugins compatible for Editor in 0.99 ms, found 0 plugins.
Preloading 0 native plugins for Editor in 0.00 ms.
Unloading 1609 Unused Serialized files (Serialized files now loaded: 0)
System memory in use before: 78.5 MB.
System memory in use after: 78.6 MB.

Unloading 30 unused Assets to reduce memory usage. Loaded Objects now: 2087.
Total: 3.454400 ms (FindLiveObjects: 0.258100 ms CreateObjectMapping: 0.157400 ms MarkObjects: 2.950700 ms  DeleteObjects: 0.086200 ms)

========================================================================
Received Import Request.
  Time since last request: 1732.126515 seconds.
  path: Assets/Prefabs/Player.prefab
  artifactKey: Guid(73166c733d23edf4ab11f1674ea2f706) Importer(815301076,1909f56bfc062723c751e8b465ee728b)
Start importing Assets/Prefabs/Player.prefab using Guid(73166c733d23edf4ab11f1674ea2f706) Importer(815301076,1909f56bfc062723c751e8b465ee728b)  -> (artifact id: '62cb7ca83495cec8d0cbd71a12e9760d') in 0.239982 seconds
  Import took 0.256388 seconds .

========================================================================
Received Import Request.
  Time since last request: 1438.158318 seconds.
  path: Assets/Prefabs/Player.prefab
  artifactKey: Guid(73166c733d23edf4ab11f1674ea2f706) Importer(815301076,1909f56bfc062723c751e8b465ee728b)
Start importing Assets/Prefabs/Player.prefab using Guid(73166c733d23edf4ab11f1674ea2f706) Importer(815301076,1909f56bfc062723c751e8b465ee728b)  -> (artifact id: '97569429776fd58694df0d226037834b') in 0.095063 seconds
  Import took 0.106633 seconds .

========================================================================
Received Prepare
Registering precompiled user dll's ...
Registered in 0.011693 seconds.
Begin MonoManager ReloadAssembly
Native extension for WindowsStandalone target not found
Refreshing native plugins compatible for Editor in 0.67 ms, found 0 plugins.
Preloading 0 native plugins for Editor in 0.00 ms.
Invoked RoslynAnalysisRunner static constructor.
RoslynAnalysisRunner will not be running.
RoslynAnalysisRunner has terminated.
Mono: successfully reloaded assembly
- Completed reload, in  1.756 seconds
Platform modules already initialized, skipping
Refreshing native plugins compatible for Editor in 0.70 ms, found 0 plugins.
Preloading 0 native plugins for Editor in 0.00 ms.
Unloading 1609 Unused Serialized files (Serialized files now loaded: 0)
System memory in use before: 78.6 MB.
System memory in use after: 78.7 MB.

Unloading 32 unused Assets to reduce memory usage. Loaded Objects now: 2091.
Total: 2.613000 ms (FindLiveObjects: 0.204200 ms CreateObjectMapping: 0.086200 ms MarkObjects: 2.219800 ms  DeleteObjects: 0.101400 ms)

========================================================================
Received Prepare
Registering precompiled user dll's ...
Registered in 0.009290 seconds.
Begin MonoManager ReloadAssembly
Native extension for WindowsStandalone target not found
Refreshing native plugins compatible for Editor in 0.66 ms, found 0 plugins.
Preloading 0 native plugins for Editor in 0.00 ms.
Invoked RoslynAnalysisRunner static constructor.
RoslynAnalysisRunner will not be running.
RoslynAnalysisRunner has terminated.
Mono: successfully reloaded assembly
- Completed reload, in  1.667 seconds
Platform modules already initialized, skipping
Refreshing native plugins compatible for Editor in 0.66 ms, found 0 plugins.
Preloading 0 native plugins for Editor in 0.00 ms.
Unloading 1609 Unused Serialized files (Serialized files now loaded: 0)
System memory in use before: 78.6 MB.
System memory in use after: 78.7 MB.

Unloading 30 unused Assets to reduce memory usage. Loaded Objects now: 2094.
Total: 2.687100 ms (FindLiveObjects: 0.285000 ms CreateObjectMapping: 0.087500 ms MarkObjects: 2.230700 ms  DeleteObjects: 0.081900 ms)

========================================================================
Received Prepare
Registering precompiled user dll's ...
Registered in 0.010747 seconds.
Begin MonoManager ReloadAssembly
Native extension for WindowsStandalone target not found
Refreshing native plugins compatible for Editor in 0.72 ms, found 0 plugins.
Preloading 0 native plugins for Editor in 0.00 ms.
Invoked RoslynAnalysisRunner static constructor.
RoslynAnalysisRunner will not be running.
RoslynAnalysisRunner has terminated.
Mono: successfully reloaded assembly
- Completed reload, in  1.955 seconds
Platform modules already initialized, skipping
Refreshing native plugins compatible for Editor in 1.13 ms, found 0 plugins.
Preloading 0 native plugins for Editor in 0.00 ms.
Unloading 1609 Unused Serialized files (Serialized files now loaded: 0)
System memory in use before: 78.6 MB.
System memory in use after: 78.7 MB.

Unloading 30 unused Assets to reduce memory usage. Loaded Objects now: 2097.
Total: 3.346000 ms (FindLiveObjects: 0.214400 ms CreateObjectMapping: 0.097600 ms MarkObjects: 2.952500 ms  DeleteObjects: 0.079600 ms)

========================================================================
Received Import Request.
  Time since last request: 307.509893 seconds.
  path: Assets/Prefabs/Player.prefab
  artifactKey: Guid(73166c733d23edf4ab11f1674ea2f706) Importer(815301076,1909f56bfc062723c751e8b465ee728b)
Start importing Assets/Prefabs/Player.prefab using Guid(73166c733d23edf4ab11f1674ea2f706) Importer(815301076,1909f56bfc062723c751e8b465ee728b)  -> (artifact id: '7b83f659a1d8d98415aad6be9a6ce5ef') in 0.155542 seconds
  Import took 0.162373 seconds .

========================================================================
Received Import Request.
  Time since last request: 2.568501 seconds.
  path: Assets/Prefabs/Player.prefab
  artifactKey: Guid(73166c733d23edf4ab11f1674ea2f706) Importer(815301076,1909f56bfc062723c751e8b465ee728b)
Start importing Assets/Prefabs/Player.prefab using Guid(73166c733d23edf4ab11f1674ea2f706) Importer(815301076,1909f56bfc062723c751e8b465ee728b)  -> (artifact id: '7b83f659a1d8d98415aad6be9a6ce5ef') in 0.101823 seconds
  Import took 0.110359 seconds .

========================================================================
Received Prepare
Registering precompiled user dll's ...
Registered in 0.019135 seconds.
Begin MonoManager ReloadAssembly
Native extension for WindowsStandalone target not found
Refreshing native plugins compatible for Editor in 0.98 ms, found 0 plugins.
Preloading 0 native plugins for Editor in 0.00 ms.
Invoked RoslynAnalysisRunner static constructor.
RoslynAnalysisRunner will not be running.
RoslynAnalysisRunner has terminated.
Mono: successfully reloaded assembly
- Completed reload, in  3.296 seconds
Platform modules already initialized, skipping
Refreshing native plugins compatible for Editor in 0.75 ms, found 0 plugins.
Preloading 0 native plugins for Editor in 0.00 ms.
Unloading 1609 Unused Serialized files (Serialized files now loaded: 0)
System memory in use before: 78.6 MB.
System memory in use after: 78.7 MB.

Unloading 32 unused Assets to reduce memory usage. Loaded Objects now: 2101.
Total: 4.891200 ms (FindLiveObjects: 0.342700 ms CreateObjectMapping: 0.123300 ms MarkObjects: 4.332700 ms  DeleteObjects: 0.090400 ms)

========================================================================
Received Prepare
Registering precompiled user dll's ...
Registered in 0.047777 seconds.
Begin MonoManager ReloadAssembly
Native extension for WindowsStandalone target not found
Refreshing native plugins compatible for Editor in 0.78 ms, found 0 plugins.
Preloading 0 native plugins for Editor in 0.00 ms.
Invoked RoslynAnalysisRunner static constructor.
RoslynAnalysisRunner will not be running.
RoslynAnalysisRunner has terminated.
Mono: successfully reloaded assembly
- Completed reload, in  2.151 seconds
Platform modules already initialized, skipping
Refreshing native plugins compatible for Editor in 0.69 ms, found 0 plugins.
Preloading 0 native plugins for Editor in 0.00 ms.
Unloading 1609 Unused Serialized files (Serialized files now loaded: 0)
System memory in use before: 78.6 MB.
System memory in use after: 78.7 MB.

Unloading 30 unused Assets to reduce memory usage. Loaded Objects now: 2104.
Total: 3.173300 ms (FindLiveObjects: 0.324000 ms CreateObjectMapping: 0.168100 ms MarkObjects: 2.583800 ms  DeleteObjects: 0.095700 ms)

========================================================================
Received Prepare
Registering precompiled user dll's ...
Registered in 0.011145 seconds.
Begin MonoManager ReloadAssembly
Native extension for WindowsStandalone target not found
Refreshing native plugins compatible for Editor in 0.69 ms, found 0 plugins.
Preloading 0 native plugins for Editor in 0.00 ms.
Invoked RoslynAnalysisRunner static constructor.
RoslynAnalysisRunner will not be running.
RoslynAnalysisRunner has terminated.
Mono: successfully reloaded assembly
- Completed reload, in  1.792 seconds
Platform modules already initialized, skipping
Refreshing native plugins compatible for Editor in 0.82 ms, found 0 plugins.
Preloading 0 native plugins for Editor in 0.00 ms.
Unloading 1609 Unused Serialized files (Serialized files now loaded: 0)
System memory in use before: 78.6 MB.
System memory in use after: 78.7 MB.

Unloading 30 unused Assets to reduce memory usage. Loaded Objects now: 2107.
Total: 3.166800 ms (FindLiveObjects: 0.287600 ms CreateObjectMapping: 0.168100 ms MarkObjects: 2.625300 ms  DeleteObjects: 0.083300 ms)

========================================================================
Received Prepare
Registering precompiled user dll's ...
Registered in 0.008706 seconds.
Begin MonoManager ReloadAssembly
Native extension for WindowsStandalone target not found
Refreshing native plugins compatible for Editor in 1.46 ms, found 0 plugins.
Preloading 0 native plugins for Editor in 0.00 ms.
Invoked RoslynAnalysisRunner static constructor.
RoslynAnalysisRunner will not be running.
RoslynAnalysisRunner has terminated.
Mono: successfully reloaded assembly
- Completed reload, in  1.565 seconds
Platform modules already initialized, skipping
Refreshing native plugins compatible for Editor in 0.68 ms, found 0 plugins.
Preloading 0 native plugins for Editor in 0.00 ms.
Unloading 1609 Unused Serialized files (Serialized files now loaded: 0)
System memory in use before: 78.6 MB.
System memory in use after: 78.7 MB.

Unloading 30 unused Assets to reduce memory usage. Loaded Objects now: 2110.
Total: 2.659200 ms (FindLiveObjects: 0.202100 ms CreateObjectMapping: 0.084000 ms MarkObjects: 2.283300 ms  DeleteObjects: 0.088100 ms)

========================================================================
Received Prepare
Registering precompiled user dll's ...
Registered in 0.009292 seconds.
Begin MonoManager ReloadAssembly
Native extension for WindowsStandalone target not found
Refreshing native plugins compatible for Editor in 1.51 ms, found 0 plugins.
Preloading 0 native plugins for Editor in 0.00 ms.
Invoked RoslynAnalysisRunner static constructor.
RoslynAnalysisRunner will not be running.
RoslynAnalysisRunner has terminated.
Mono: successfully reloaded assembly
- Completed reload, in  2.414 seconds
Platform modules already initialized, skipping
Refreshing native plugins compatible for Editor in 1.99 ms, found 0 plugins.
Preloading 0 native plugins for Editor in 0.00 ms.
Unloading 1609 Unused Serialized files (Serialized files now loaded: 0)
System memory in use before: 78.6 MB.
System memory in use after: 78.7 MB.

Unloading 30 unused Assets to reduce memory usage. Loaded Objects now: 2113.
Total: 4.275500 ms (FindLiveObjects: 0.321800 ms CreateObjectMapping: 0.118300 ms MarkObjects: 3.731800 ms  DeleteObjects: 0.101000 ms)

========================================================================
Received Prepare
Registering precompiled user dll's ...
Registered in 0.010960 seconds.
Begin MonoManager ReloadAssembly
Native extension for WindowsStandalone target not found
Refreshing native plugins compatible for Editor in 1.75 ms, found 0 plugins.
Preloading 0 native plugins for Editor in 0.00 ms.
Invoked RoslynAnalysisRunner static constructor.
RoslynAnalysisRunner will not be running.
RoslynAnalysisRunner has terminated.
Mono: successfully reloaded assembly
- Completed reload, in  1.614 seconds
Platform modules already initialized, skipping
Refreshing native plugins compatible for Editor in 0.80 ms, found 0 plugins.
Preloading 0 native plugins for Editor in 0.00 ms.
Unloading 1609 Unused Serialized files (Serialized files now loaded: 0)
System memory in use before: 78.6 MB.
System memory in use after: 78.7 MB.

Unloading 30 unused Assets to reduce memory usage. Loaded Objects now: 2116.
Total: 3.008200 ms (FindLiveObjects: 0.251000 ms CreateObjectMapping: 0.087500 ms MarkObjects: 2.583900 ms  DeleteObjects: 0.083700 ms)

========================================================================
Received Import Request.
  Time since last request: 614.811440 seconds.
  path: Assets/Prefabs/Player.prefab
  artifactKey: Guid(73166c733d23edf4ab11f1674ea2f706) Importer(815301076,1909f56bfc062723c751e8b465ee728b)
Start importing Assets/Prefabs/Player.prefab using Guid(73166c733d23edf4ab11f1674ea2f706) Importer(815301076,1909f56bfc062723c751e8b465ee728b)  -> (artifact id: 'e22ded5e364df92ae6b1b286bcf99a7a') in 0.163382 seconds
  Import took 0.170927 seconds .

========================================================================
Received Prepare
Refreshing native plugins compatible for Editor in 30.75 ms, found 0 plugins.
Preloading 0 native plugins for Editor in 0.00 ms.
Unloading 28 Unused Serialized files (Serialized files now loaded: 0)
System memory in use before: 47.9 MB.
System memory in use after: 48.0 MB.

Unloading 30 unused Assets to reduce memory usage. Loaded Objects now: 2117.
Total: 9.678500 ms (FindLiveObjects: 0.492300 ms CreateObjectMapping: 0.148700 ms MarkObjects: 8.892600 ms  DeleteObjects: 0.141500 ms)

========================================================================
Received Prepare
Registering precompiled user dll's ...
Registered in 0.016045 seconds.
Begin MonoManager ReloadAssembly
Native extension for WindowsStandalone target not found
Refreshing native plugins compatible for Editor in 1.13 ms, found 0 plugins.
Preloading 0 native plugins for Editor in 0.00 ms.
Invoked RoslynAnalysisRunner static constructor.
RoslynAnalysisRunner will not be running.
RoslynAnalysisRunner has terminated.
Mono: successfully reloaded assembly
- Completed reload, in  2.820 seconds
Platform modules already initialized, skipping
Refreshing native plugins compatible for Editor in 0.66 ms, found 0 plugins.
Preloading 0 native plugins for Editor in 0.00 ms.
Unloading 1609 Unused Serialized files (Serialized files now loaded: 0)
System memory in use before: 78.7 MB.
System memory in use after: 78.7 MB.

Unloading 30 unused Assets to reduce memory usage. Loaded Objects now: 2120.
Total: 3.794400 ms (FindLiveObjects: 0.228800 ms CreateObjectMapping: 0.103400 ms MarkObjects: 3.378700 ms  DeleteObjects: 0.081400 ms)

========================================================================
Received Prepare
Registering precompiled user dll's ...
Registered in 0.009584 seconds.
Begin MonoManager ReloadAssembly
Native extension for WindowsStandalone target not found
Refreshing native plugins compatible for Editor in 0.73 ms, found 0 plugins.
Preloading 0 native plugins for Editor in 0.00 ms.
Invoked RoslynAnalysisRunner static constructor.
RoslynAnalysisRunner will not be running.
RoslynAnalysisRunner has terminated.
Mono: successfully reloaded assembly
- Completed reload, in  1.766 seconds
Platform modules already initialized, skipping
Refreshing native plugins compatible for Editor in 1.32 ms, found 0 plugins.
Preloading 0 native plugins for Editor in 0.00 ms.
Unloading 1609 Unused Serialized files (Serialized files now loaded: 0)
System memory in use before: 78.7 MB.
System memory in use after: 78.7 MB.

Unloading 30 unused Assets to reduce memory usage. Loaded Objects now: 2123.
Total: 15.218400 ms (FindLiveObjects: 0.506000 ms CreateObjectMapping: 0.157200 ms MarkObjects: 14.428600 ms  DeleteObjects: 0.123600 ms)

AssetImportWorkerClient::OnTransportError - code=2 error=End of file
